<?xml version="1.0" encoding="UTF-8"?>
<!-- Generated by org.testng.reporters.JUnitReportReporter -->
<testsuite name="org.testing.TestScripts.GetRequestTC" tests="1" time="6.675" ignored="0" failures="0" timestamp="08 Aug 2020 14:01:49 GMT" skipped="0" hostname="ManishSingh-PC" errors="0">
  <testcase name="TC2" time="6.675" classname="org.testing.TestScripts.GetRequestTC"/>
</testsuite> <!-- org.testing.TestScripts.GetRequestTC -->
